<?xml version="1.0" encoding="UTF-8"?>
<testsuites name="DataDriven_Login_Test" time="21.32" tests="1" failures="0" errors="0">
   <testsuite name="DataDriven_Login_Test" tests="1" failures="0" errors="0" time="21.32" skipped="0" timestamp="10-09-2024T23:04:01" hostname="HP - DESKTOP-5RM501L" id="Test Suites/DataDriven/DataDriven_Login_Test">
      <properties>
         <property name="deviceName" value=""/>
         <property name="devicePlatform"/>
         <property name="logFolder" value="C:\\Users\\HP\\git\\Katalon_Demo\\Reports\\20240910_230242\\DataDriven\\DataDriven_Login_Test\\20240910_230258"/>
         <property name="logFiles" value="C:\\Users\\HP\\git\\Katalon_Demo\\Reports\\20240910_230242\\DataDriven\\DataDriven_Login_Test\\20240910_230258\\execution0.log"/>
         <property name="attachments" value=""/>
         <property name="hostName" value="HP - DESKTOP-5RM501L"/>
         <property name="os" value="Windows 11 64bit"/>
         <property name="katalonVersion" value="9.6.0.217"/>
         <property name="browser" value="Firefox 130.0"/>
         <property name="hostAddress" value="192.168.56.1"/>
         <property name="sessionId" value="7c534eb5-098a-4462-af8c-cb9c25e12118"/>
         <property name="seleniumVersion" value="3.141.59"/>
         <property name="proxyInformation" value="ProxyInformation { proxyOption=NO_PROXY, proxyServerType=HTTP, username=, password=********, proxyServerAddress=, proxyServerPort=0, executionList=&quot;&quot;, isApplyToDesiredCapabilities=true }"/>
         <property name="platform" value="Windows 11"/>
      </properties>
      <testcase name="Test Cases/Data Driven Tests/Login" time="20.992" classname="Test Cases/Data Driven Tests/Login" status="PASSED">
         <system-out><![CDATA[10-09-2024T23:04:01 - [TEST_CASE][PASSED] - Test Cases/Data Driven Tests/Login: Test Cases/Data Driven Tests/Login

10-09-2024T23:04:02 - [TEST_STEP][PASSED] - openBrowser(""): Browser is opened with url: ''

10-09-2024T23:04:02 - [MESSAGE][INFO] - Starting 'Firefox' driver

10-09-2024T23:04:02 - [MESSAGE][INFO] - Action delay is set to 0 milliseconds

10-09-2024T23:04:08 - [MESSAGE][PASSED] - Browser is opened with url: ''

10-09-2024T23:04:08 - [TEST_STEP][PASSED] - maximizeWindow(): Current window maximized

10-09-2024T23:04:08 - [MESSAGE][PASSED] - Current window maximized

10-09-2024T23:04:08 - [TEST_STEP][PASSED] - navigateToUrl("https://katalon-demo-cura.herokuapp.com/"): Navigate to 'https://katalon-demo-cura.herokuapp.com/' successfully

10-09-2024T23:04:13 - [MESSAGE][PASSED] - Navigate to 'https://katalon-demo-cura.herokuapp.com/' successfully

10-09-2024T23:04:13 - [TEST_STEP][PASSED] - click(findTestObject("Object Repository/Record and Play Objects/Login/Page_CURA Healthcare Service/i_CURA Healthcare_fa fa-bars")): Object: 'Object Repository/Record and Play Objects/Login/Page_CURA Healthcare Service/i_CURA Healthcare_fa fa-bars' is clicked on

10-09-2024T23:04:13 - [MESSAGE][PASSED] - Object: 'Object Repository/Record and Play Objects/Login/Page_CURA Healthcare Service/i_CURA Healthcare_fa fa-bars' is clicked on

10-09-2024T23:04:13 - [TEST_STEP][PASSED] - click(findTestObject("Object Repository/Record and Play Objects/Login/Page_CURA Healthcare Service/a_Login")): Object: 'Object Repository/Record and Play Objects/Login/Page_CURA Healthcare Service/a_Login' is clicked on

10-09-2024T23:04:14 - [MESSAGE][PASSED] - Object: 'Object Repository/Record and Play Objects/Login/Page_CURA Healthcare Service/a_Login' is clicked on

10-09-2024T23:04:14 - [TEST_STEP][PASSED] - setText(findTestObject("Object Repository/Record and Play Objects/Login/Page_CURA Healthcare Service/input_Username_username"), Username): Text 'John Doe' is set on object 'Object Repository/Record and Play Objects/Login/Page_CURA Healthcare Service/input_Username_username'

10-09-2024T23:04:15 - [MESSAGE][PASSED] - Text 'John Doe' is set on object 'Object Repository/Record and Play Objects/Login/Page_CURA Healthcare Service/input_Username_username'

10-09-2024T23:04:15 - [TEST_STEP][PASSED] - setEncryptedText(findTestObject("Object Repository/Record and Play Objects/Login/Page_CURA Healthcare Service/input_Password_password"), Password): Text ****** has been set on object 'Object Repository/Record and Play Objects/Login/Page_CURA Healthcare Service/input_Password_password'

10-09-2024T23:04:15 - [MESSAGE][PASSED] - Text ****** has been set on object 'Object Repository/Record and Play Objects/Login/Page_CURA Healthcare Service/input_Password_password'

10-09-2024T23:04:15 - [TEST_STEP][PASSED] - click(findTestObject("Object Repository/Record and Play Objects/Login/Page_CURA Healthcare Service/button_Login")): Object: 'Object Repository/Record and Play Objects/Login/Page_CURA Healthcare Service/button_Login' is clicked on

10-09-2024T23:04:16 - [MESSAGE][PASSED] - Object: 'Object Repository/Record and Play Objects/Login/Page_CURA Healthcare Service/button_Login' is clicked on

10-09-2024T23:04:16 - [TEST_STEP][PASSED] - click(findTestObject("Object Repository/Record and Play Objects/Login/Page_CURA Healthcare Service/i_CURA Healthcare_fa fa-bars")): Object: 'Object Repository/Record and Play Objects/Login/Page_CURA Healthcare Service/i_CURA Healthcare_fa fa-bars' is clicked on

10-09-2024T23:04:17 - [MESSAGE][PASSED] - Object: 'Object Repository/Record and Play Objects/Login/Page_CURA Healthcare Service/i_CURA Healthcare_fa fa-bars' is clicked on

10-09-2024T23:04:17 - [TEST_STEP][PASSED] - delay(3): Delayed 3 second(s)

10-09-2024T23:04:20 - [MESSAGE][PASSED] - Delayed 3 second(s)

10-09-2024T23:04:20 - [TEST_STEP][PASSED] - click(findTestObject("Object Repository/Record and Play Objects/Login/Page_CURA Healthcare Service/a_Logout")): Object: 'Object Repository/Record and Play Objects/Login/Page_CURA Healthcare Service/a_Logout' is clicked on

10-09-2024T23:04:21 - [MESSAGE][PASSED] - Object: 'Object Repository/Record and Play Objects/Login/Page_CURA Healthcare Service/a_Logout' is clicked on

10-09-2024T23:04:21 - [TEST_STEP][PASSED] - closeBrowser(): Browser is closed

10-09-2024T23:04:22 - [MESSAGE][PASSED] - Browser is closed]]></system-out>
         <system-err><![CDATA[]]></system-err>
      </testcase>
      <system-out><![CDATA[10-09-2024T23:04:01 - [TEST_SUITE][PASSED] - DataDriven_Login_Test: Test Cases/Data Driven Tests/Login]]></system-out>
      <system-err><![CDATA[]]></system-err>
   </testsuite>
</testsuites>
