<?xml version="1.0" encoding="UTF-8"?>
<testsuites name="Login" time="17.097" tests="1" failures="0" errors="0">
   <testsuite name="Login" tests="1" failures="0" errors="0" time="17.097" skipped="0" timestamp="10-09-2024T22:19:34" hostname="HP - DESKTOP-5RM501L" id="Test Suites/LoginSuite/Login">
      <properties>
         <property name="deviceName" value=""/>
         <property name="devicePlatform"/>
         <property name="logFolder" value="C:\\Users\\HP\\git\\Katalon_Demo\\Reports\\20240910_221923\\LoginSuite\\Login\\20240910_221923"/>
         <property name="logFiles" value="C:\\Users\\HP\\git\\Katalon_Demo\\Reports\\20240910_221923\\LoginSuite\\Login\\20240910_221923\\execution0.log"/>
         <property name="attachments" value=""/>
         <property name="hostName" value="HP - DESKTOP-5RM501L"/>
         <property name="os" value="Windows 11 64bit"/>
         <property name="katalonVersion" value="9.6.0.217"/>
         <property name="browser" value="Chrome 128.0.0.0"/>
         <property name="hostAddress" value="192.168.56.1"/>
         <property name="sessionId" value="6dd9e217845f0b73992ddbc15af3202f"/>
         <property name="seleniumVersion" value="3.141.59"/>
         <property name="proxyInformation" value="ProxyInformation { proxyOption=NO_PROXY, proxyServerType=HTTP, username=, password=********, proxyServerAddress=, proxyServerPort=0, executionList=&quot;&quot;, isApplyToDesiredCapabilities=true }"/>
         <property name="platform" value="Windows 11"/>
      </properties>
      <testcase name="Test Cases/Record and Play Tests/Login" time="16.805" classname="Test Cases/Record and Play Tests/Login" status="PASSED">
         <system-out><![CDATA[10-09-2024T22:19:35 - [TEST_CASE][PASSED] - Test Cases/Record and Play Tests/Login: Test Cases/Record and Play Tests/Login

10-09-2024T22:19:35 - [TEST_STEP][PASSED] - openBrowser(""): Browser is opened with url: ''

10-09-2024T22:19:36 - [MESSAGE][INFO] - Starting 'Chrome' driver

10-09-2024T22:19:36 - [MESSAGE][INFO] - Action delay is set to 0 milliseconds

10-09-2024T22:19:38 - [MESSAGE][PASSED] - Browser is opened with url: ''

10-09-2024T22:19:38 - [TEST_STEP][PASSED] - maximizeWindow(): Current window maximized

10-09-2024T22:19:38 - [MESSAGE][PASSED] - Current window maximized

10-09-2024T22:19:38 - [TEST_STEP][PASSED] - navigateToUrl("https://katalon-demo-cura.herokuapp.com/"): Navigate to 'https://katalon-demo-cura.herokuapp.com/' successfully

10-09-2024T22:19:42 - [MESSAGE][PASSED] - Navigate to 'https://katalon-demo-cura.herokuapp.com/' successfully

10-09-2024T22:19:42 - [TEST_STEP][PASSED] - click(findTestObject("Object Repository/Record and Play Objects/Login/Page_CURA Healthcare Service/i_CURA Healthcare_fa fa-bars")): Object: 'Object Repository/Record and Play Objects/Login/Page_CURA Healthcare Service/i_CURA Healthcare_fa fa-bars' is clicked on

10-09-2024T22:19:43 - [MESSAGE][PASSED] - Object: 'Object Repository/Record and Play Objects/Login/Page_CURA Healthcare Service/i_CURA Healthcare_fa fa-bars' is clicked on

10-09-2024T22:19:43 - [TEST_STEP][PASSED] - click(findTestObject("Object Repository/Record and Play Objects/Login/Page_CURA Healthcare Service/a_Login")): Object: 'Object Repository/Record and Play Objects/Login/Page_CURA Healthcare Service/a_Login' is clicked on

10-09-2024T22:19:44 - [MESSAGE][PASSED] - Object: 'Object Repository/Record and Play Objects/Login/Page_CURA Healthcare Service/a_Login' is clicked on

10-09-2024T22:19:44 - [TEST_STEP][PASSED] - setText(findTestObject("Object Repository/Record and Play Objects/Login/Page_CURA Healthcare Service/input_Username_username"), "John Doe"): Text 'John Doe' is set on object 'Object Repository/Record and Play Objects/Login/Page_CURA Healthcare Service/input_Username_username'

10-09-2024T22:19:44 - [MESSAGE][PASSED] - Text 'John Doe' is set on object 'Object Repository/Record and Play Objects/Login/Page_CURA Healthcare Service/input_Username_username'

10-09-2024T22:19:44 - [TEST_STEP][PASSED] - setEncryptedText(findTestObject("Object Repository/Record and Play Objects/Login/Page_CURA Healthcare Service/input_Password_password"), "g3/DOGG74jC3Flrr3yH+3D/yKbOqqUNM"): Text ****** has been set on object 'Object Repository/Record and Play Objects/Login/Page_CURA Healthcare Service/input_Password_password'

10-09-2024T22:19:45 - [MESSAGE][PASSED] - Text ****** has been set on object 'Object Repository/Record and Play Objects/Login/Page_CURA Healthcare Service/input_Password_password'

10-09-2024T22:19:45 - [TEST_STEP][PASSED] - click(findTestObject("Object Repository/Record and Play Objects/Login/Page_CURA Healthcare Service/button_Login")): Object: 'Object Repository/Record and Play Objects/Login/Page_CURA Healthcare Service/button_Login' is clicked on

10-09-2024T22:19:46 - [MESSAGE][PASSED] - Object: 'Object Repository/Record and Play Objects/Login/Page_CURA Healthcare Service/button_Login' is clicked on

10-09-2024T22:19:46 - [TEST_STEP][PASSED] - click(findTestObject("Object Repository/Record and Play Objects/Login/Page_CURA Healthcare Service/i_CURA Healthcare_fa fa-bars")): Object: 'Object Repository/Record and Play Objects/Login/Page_CURA Healthcare Service/i_CURA Healthcare_fa fa-bars' is clicked on

10-09-2024T22:19:46 - [MESSAGE][PASSED] - Object: 'Object Repository/Record and Play Objects/Login/Page_CURA Healthcare Service/i_CURA Healthcare_fa fa-bars' is clicked on

10-09-2024T22:19:46 - [TEST_STEP][PASSED] - delay(3): Delayed 3 second(s)

10-09-2024T22:19:49 - [MESSAGE][PASSED] - Delayed 3 second(s)

10-09-2024T22:19:49 - [TEST_STEP][PASSED] - click(findTestObject("Object Repository/Record and Play Objects/Login/Page_CURA Healthcare Service/a_Logout")): Object: 'Object Repository/Record and Play Objects/Login/Page_CURA Healthcare Service/a_Logout' is clicked on

10-09-2024T22:19:51 - [MESSAGE][PASSED] - Object: 'Object Repository/Record and Play Objects/Login/Page_CURA Healthcare Service/a_Logout' is clicked on

10-09-2024T22:19:51 - [TEST_STEP][PASSED] - closeBrowser(): Browser is closed

10-09-2024T22:19:51 - [MESSAGE][PASSED] - Browser is closed]]></system-out>
         <system-err><![CDATA[]]></system-err>
      </testcase>
      <system-out><![CDATA[10-09-2024T22:19:34 - [TEST_SUITE][PASSED] - Login: Test Cases/Record and Play Tests/Login]]></system-out>
      <system-err><![CDATA[]]></system-err>
   </testsuite>
</testsuites>
