<?xml version="1.0" encoding="UTF-8"?>
<testsuites name="LoginSuiteCollection" time="69.612" tests="4" failures="0" errors="0">
   <testsuite name="DataDriven_Login_Test" tests="1" failures="0" errors="0" time="43.614" skipped="0" timestamp="10-09-2024T23:08:58" hostname="HP - DESKTOP-5RM501L" id="Test Suites/DataDriven/DataDriven_Login_Test">
      <properties>
         <property name="deviceName" value=""/>
         <property name="devicePlatform"/>
         <property name="logFolder" value="C:\\Users\\HP\\git\\Katalon_Demo\\Reports\\20240910_230749\\DataDriven\\DataDriven_Login_Test\\20240910_230755"/>
         <property name="logFiles" value="C:\\Users\\HP\\git\\Katalon_Demo\\Reports\\20240910_230749\\DataDriven\\DataDriven_Login_Test\\20240910_230755\\execution0.log"/>
         <property name="attachments" value=""/>
         <property name="hostName" value="HP - DESKTOP-5RM501L"/>
         <property name="os" value="Windows 11 64bit"/>
         <property name="katalonVersion" value="9.6.0.217"/>
         <property name="browser" value="Chrome 128.0.0.0"/>
         <property name="hostAddress" value="192.168.56.1"/>
         <property name="sessionId" value="ce6be7b0fc7bd4655ae0ce85c6a5c710"/>
         <property name="seleniumVersion" value="3.141.59"/>
         <property name="proxyInformation" value="ProxyInformation { proxyOption=NO_PROXY, proxyServerType=HTTP, username=, password=********, proxyServerAddress=, proxyServerPort=0, executionList=&quot;&quot;, isApplyToDesiredCapabilities=true }"/>
         <property name="platform" value="Windows 11"/>
      </properties>
      <testcase name="Test Cases/Data Driven Tests/Login" time="41.862" classname="Test Cases/Data Driven Tests/Login" status="PASSED">
         <system-out><![CDATA[10-09-2024T23:09:00 - [TEST_CASE][PASSED] - Test Cases/Data Driven Tests/Login: Test Cases/Data Driven Tests/Login

10-09-2024T23:09:04 - [TEST_STEP][PASSED] - openBrowser(""): Browser is opened with url: ''

10-09-2024T23:09:06 - [MESSAGE][INFO] - Starting 'Chrome' driver

10-09-2024T23:09:07 - [MESSAGE][INFO] - Action delay is set to 0 milliseconds

10-09-2024T23:09:15 - [MESSAGE][PASSED] - Browser is opened with url: ''

10-09-2024T23:09:15 - [TEST_STEP][PASSED] - maximizeWindow(): Current window maximized

10-09-2024T23:09:15 - [MESSAGE][PASSED] - Current window maximized

10-09-2024T23:09:15 - [TEST_STEP][PASSED] - navigateToUrl("https://katalon-demo-cura.herokuapp.com/"): Navigate to 'https://katalon-demo-cura.herokuapp.com/' successfully

10-09-2024T23:09:17 - [MESSAGE][PASSED] - Navigate to 'https://katalon-demo-cura.herokuapp.com/' successfully

10-09-2024T23:09:17 - [TEST_STEP][PASSED] - click(findTestObject("Object Repository/Record and Play Objects/Login/Page_CURA Healthcare Service/i_CURA Healthcare_fa fa-bars")): Object: 'Object Repository/Record and Play Objects/Login/Page_CURA Healthcare Service/i_CURA Healthcare_fa fa-bars' is clicked on

10-09-2024T23:09:20 - [MESSAGE][PASSED] - Object: 'Object Repository/Record and Play Objects/Login/Page_CURA Healthcare Service/i_CURA Healthcare_fa fa-bars' is clicked on

10-09-2024T23:09:20 - [TEST_STEP][PASSED] - click(findTestObject("Object Repository/Record and Play Objects/Login/Page_CURA Healthcare Service/a_Login")): Object: 'Object Repository/Record and Play Objects/Login/Page_CURA Healthcare Service/a_Login' is clicked on

10-09-2024T23:09:26 - [MESSAGE][PASSED] - Object: 'Object Repository/Record and Play Objects/Login/Page_CURA Healthcare Service/a_Login' is clicked on

10-09-2024T23:09:26 - [TEST_STEP][PASSED] - setText(findTestObject("Object Repository/Record and Play Objects/Login/Page_CURA Healthcare Service/input_Username_username"), Username): Text 'John Doe' is set on object 'Object Repository/Record and Play Objects/Login/Page_CURA Healthcare Service/input_Username_username'

10-09-2024T23:09:30 - [MESSAGE][PASSED] - Text 'John Doe' is set on object 'Object Repository/Record and Play Objects/Login/Page_CURA Healthcare Service/input_Username_username'

10-09-2024T23:09:30 - [TEST_STEP][PASSED] - setEncryptedText(findTestObject("Object Repository/Record and Play Objects/Login/Page_CURA Healthcare Service/input_Password_password"), Password): Text ****** has been set on object 'Object Repository/Record and Play Objects/Login/Page_CURA Healthcare Service/input_Password_password'

10-09-2024T23:09:31 - [MESSAGE][PASSED] - Text ****** has been set on object 'Object Repository/Record and Play Objects/Login/Page_CURA Healthcare Service/input_Password_password'

10-09-2024T23:09:31 - [TEST_STEP][PASSED] - click(findTestObject("Object Repository/Record and Play Objects/Login/Page_CURA Healthcare Service/button_Login")): Object: 'Object Repository/Record and Play Objects/Login/Page_CURA Healthcare Service/button_Login' is clicked on

10-09-2024T23:09:35 - [MESSAGE][PASSED] - Object: 'Object Repository/Record and Play Objects/Login/Page_CURA Healthcare Service/button_Login' is clicked on

10-09-2024T23:09:35 - [TEST_STEP][PASSED] - click(findTestObject("Object Repository/Record and Play Objects/Login/Page_CURA Healthcare Service/i_CURA Healthcare_fa fa-bars")): Object: 'Object Repository/Record and Play Objects/Login/Page_CURA Healthcare Service/i_CURA Healthcare_fa fa-bars' is clicked on

10-09-2024T23:09:36 - [MESSAGE][PASSED] - Object: 'Object Repository/Record and Play Objects/Login/Page_CURA Healthcare Service/i_CURA Healthcare_fa fa-bars' is clicked on

10-09-2024T23:09:36 - [TEST_STEP][PASSED] - delay(3): Delayed 3 second(s)

10-09-2024T23:09:39 - [MESSAGE][PASSED] - Delayed 3 second(s)

10-09-2024T23:09:39 - [TEST_STEP][PASSED] - click(findTestObject("Object Repository/Record and Play Objects/Login/Page_CURA Healthcare Service/a_Logout")): Object: 'Object Repository/Record and Play Objects/Login/Page_CURA Healthcare Service/a_Logout' is clicked on

10-09-2024T23:09:41 - [MESSAGE][PASSED] - Object: 'Object Repository/Record and Play Objects/Login/Page_CURA Healthcare Service/a_Logout' is clicked on

10-09-2024T23:09:41 - [TEST_STEP][PASSED] - closeBrowser(): Browser is closed

10-09-2024T23:09:42 - [MESSAGE][PASSED] - Browser is closed]]></system-out>
         <system-err><![CDATA[]]></system-err>
      </testcase>
      <system-out><![CDATA[10-09-2024T23:08:58 - [TEST_SUITE][PASSED] - DataDriven_Login_Test: Test Cases/Data Driven Tests/Login]]></system-out>
      <system-err><![CDATA[]]></system-err>
   </testsuite>
   <testsuite name="DataDriven_Login_Test" tests="1" failures="0" errors="0" time="47.373" skipped="0" timestamp="10-09-2024T23:09:00" hostname="HP - DESKTOP-5RM501L" id="Test Suites/DataDriven/DataDriven_Login_Test">
      <properties>
         <property name="deviceName" value=""/>
         <property name="devicePlatform"/>
         <property name="logFolder" value="C:\\Users\\HP\\git\\Katalon_Demo\\Reports\\20240910_230749\\DataDriven\\DataDriven_Login_Test\\20240910_230806"/>
         <property name="logFiles" value="C:\\Users\\HP\\git\\Katalon_Demo\\Reports\\20240910_230749\\DataDriven\\DataDriven_Login_Test\\20240910_230806\\execution0.log"/>
         <property name="attachments" value=""/>
         <property name="hostName" value="HP - DESKTOP-5RM501L"/>
         <property name="os" value="Windows 11 64bit"/>
         <property name="katalonVersion" value="9.6.0.217"/>
         <property name="browser" value="Firefox 130.0"/>
         <property name="hostAddress" value="192.168.56.1"/>
         <property name="sessionId" value="b9c3f468-cb49-4ee6-b16e-6eb6dd842c16"/>
         <property name="seleniumVersion" value="3.141.59"/>
         <property name="proxyInformation" value="ProxyInformation { proxyOption=NO_PROXY, proxyServerType=HTTP, username=, password=********, proxyServerAddress=, proxyServerPort=0, executionList=&quot;&quot;, isApplyToDesiredCapabilities=true }"/>
         <property name="platform" value="Windows 11"/>
      </properties>
      <testcase name="Test Cases/Data Driven Tests/Login" time="45.514" classname="Test Cases/Data Driven Tests/Login" status="PASSED">
         <system-out><![CDATA[10-09-2024T23:09:02 - [TEST_CASE][PASSED] - Test Cases/Data Driven Tests/Login: Test Cases/Data Driven Tests/Login

10-09-2024T23:09:05 - [TEST_STEP][PASSED] - openBrowser(""): Browser is opened with url: ''

10-09-2024T23:09:07 - [MESSAGE][INFO] - Starting 'Firefox' driver

10-09-2024T23:09:08 - [MESSAGE][INFO] - Action delay is set to 0 milliseconds

10-09-2024T23:09:30 - [MESSAGE][PASSED] - Browser is opened with url: ''

10-09-2024T23:09:30 - [TEST_STEP][PASSED] - maximizeWindow(): Current window maximized

10-09-2024T23:09:30 - [MESSAGE][PASSED] - Current window maximized

10-09-2024T23:09:30 - [TEST_STEP][PASSED] - navigateToUrl("https://katalon-demo-cura.herokuapp.com/"): Navigate to 'https://katalon-demo-cura.herokuapp.com/' successfully

10-09-2024T23:09:35 - [MESSAGE][PASSED] - Navigate to 'https://katalon-demo-cura.herokuapp.com/' successfully

10-09-2024T23:09:35 - [TEST_STEP][PASSED] - click(findTestObject("Object Repository/Record and Play Objects/Login/Page_CURA Healthcare Service/i_CURA Healthcare_fa fa-bars")): Object: 'Object Repository/Record and Play Objects/Login/Page_CURA Healthcare Service/i_CURA Healthcare_fa fa-bars' is clicked on

10-09-2024T23:09:36 - [MESSAGE][PASSED] - Object: 'Object Repository/Record and Play Objects/Login/Page_CURA Healthcare Service/i_CURA Healthcare_fa fa-bars' is clicked on

10-09-2024T23:09:36 - [TEST_STEP][PASSED] - click(findTestObject("Object Repository/Record and Play Objects/Login/Page_CURA Healthcare Service/a_Login")): Object: 'Object Repository/Record and Play Objects/Login/Page_CURA Healthcare Service/a_Login' is clicked on

10-09-2024T23:09:37 - [MESSAGE][PASSED] - Object: 'Object Repository/Record and Play Objects/Login/Page_CURA Healthcare Service/a_Login' is clicked on

10-09-2024T23:09:37 - [TEST_STEP][PASSED] - setText(findTestObject("Object Repository/Record and Play Objects/Login/Page_CURA Healthcare Service/input_Username_username"), Username): Text 'John Doe' is set on object 'Object Repository/Record and Play Objects/Login/Page_CURA Healthcare Service/input_Username_username'

10-09-2024T23:09:38 - [MESSAGE][PASSED] - Text 'John Doe' is set on object 'Object Repository/Record and Play Objects/Login/Page_CURA Healthcare Service/input_Username_username'

10-09-2024T23:09:38 - [TEST_STEP][PASSED] - setEncryptedText(findTestObject("Object Repository/Record and Play Objects/Login/Page_CURA Healthcare Service/input_Password_password"), Password): Text ****** has been set on object 'Object Repository/Record and Play Objects/Login/Page_CURA Healthcare Service/input_Password_password'

10-09-2024T23:09:39 - [MESSAGE][PASSED] - Text ****** has been set on object 'Object Repository/Record and Play Objects/Login/Page_CURA Healthcare Service/input_Password_password'

10-09-2024T23:09:39 - [TEST_STEP][PASSED] - click(findTestObject("Object Repository/Record and Play Objects/Login/Page_CURA Healthcare Service/button_Login")): Object: 'Object Repository/Record and Play Objects/Login/Page_CURA Healthcare Service/button_Login' is clicked on

10-09-2024T23:09:41 - [MESSAGE][PASSED] - Object: 'Object Repository/Record and Play Objects/Login/Page_CURA Healthcare Service/button_Login' is clicked on

10-09-2024T23:09:41 - [TEST_STEP][PASSED] - click(findTestObject("Object Repository/Record and Play Objects/Login/Page_CURA Healthcare Service/i_CURA Healthcare_fa fa-bars")): Object: 'Object Repository/Record and Play Objects/Login/Page_CURA Healthcare Service/i_CURA Healthcare_fa fa-bars' is clicked on

10-09-2024T23:09:41 - [MESSAGE][PASSED] - Object: 'Object Repository/Record and Play Objects/Login/Page_CURA Healthcare Service/i_CURA Healthcare_fa fa-bars' is clicked on

10-09-2024T23:09:41 - [TEST_STEP][PASSED] - delay(3): Delayed 3 second(s)

10-09-2024T23:09:44 - [MESSAGE][PASSED] - Delayed 3 second(s)

10-09-2024T23:09:44 - [TEST_STEP][PASSED] - click(findTestObject("Object Repository/Record and Play Objects/Login/Page_CURA Healthcare Service/a_Logout")): Object: 'Object Repository/Record and Play Objects/Login/Page_CURA Healthcare Service/a_Logout' is clicked on

10-09-2024T23:09:45 - [MESSAGE][PASSED] - Object: 'Object Repository/Record and Play Objects/Login/Page_CURA Healthcare Service/a_Logout' is clicked on

10-09-2024T23:09:45 - [TEST_STEP][PASSED] - closeBrowser(): Browser is closed

10-09-2024T23:09:47 - [MESSAGE][PASSED] - Browser is closed]]></system-out>
         <system-err><![CDATA[]]></system-err>
      </testcase>
      <system-out><![CDATA[10-09-2024T23:09:00 - [TEST_SUITE][PASSED] - DataDriven_Login_Test: Test Cases/Data Driven Tests/Login]]></system-out>
      <system-err><![CDATA[]]></system-err>
   </testsuite>
   <testsuite name="Login" tests="1" failures="0" errors="0" time="43.903" skipped="0" timestamp="10-09-2024T23:09:02" hostname="HP - DESKTOP-5RM501L" id="Test Suites/LoginSuite/Login">
      <properties>
         <property name="deviceName" value=""/>
         <property name="devicePlatform"/>
         <property name="logFolder" value="C:\\Users\\HP\\git\\Katalon_Demo\\Reports\\20240910_230749\\LoginSuite\\Login\\20240910_230816"/>
         <property name="logFiles" value="C:\\Users\\HP\\git\\Katalon_Demo\\Reports\\20240910_230749\\LoginSuite\\Login\\20240910_230816\\execution0.log"/>
         <property name="attachments" value=""/>
         <property name="hostName" value="HP - DESKTOP-5RM501L"/>
         <property name="os" value="Windows 11 64bit"/>
         <property name="katalonVersion" value="9.6.0.217"/>
         <property name="browser" value="Chrome 128.0.0.0"/>
         <property name="hostAddress" value="192.168.56.1"/>
         <property name="sessionId" value="9da242166c217c9de650500fff3edf4f"/>
         <property name="seleniumVersion" value="3.141.59"/>
         <property name="proxyInformation" value="ProxyInformation { proxyOption=NO_PROXY, proxyServerType=HTTP, username=, password=********, proxyServerAddress=, proxyServerPort=0, executionList=&quot;&quot;, isApplyToDesiredCapabilities=true }"/>
         <property name="platform" value="Windows 11"/>
      </properties>
      <testcase name="Test Cases/Record and Play Tests/Login" time="41.95" classname="Test Cases/Record and Play Tests/Login" status="PASSED">
         <system-out><![CDATA[10-09-2024T23:09:04 - [TEST_CASE][PASSED] - Test Cases/Record and Play Tests/Login: Test Cases/Record and Play Tests/Login

10-09-2024T23:09:06 - [TEST_STEP][PASSED] - openBrowser(""): Browser is opened with url: ''

10-09-2024T23:09:08 - [MESSAGE][INFO] - Starting 'Chrome' driver

10-09-2024T23:09:08 - [MESSAGE][INFO] - Action delay is set to 0 milliseconds

10-09-2024T23:09:14 - [MESSAGE][PASSED] - Browser is opened with url: ''

10-09-2024T23:09:14 - [TEST_STEP][PASSED] - maximizeWindow(): Current window maximized

10-09-2024T23:09:14 - [MESSAGE][PASSED] - Current window maximized

10-09-2024T23:09:14 - [TEST_STEP][PASSED] - navigateToUrl("https://katalon-demo-cura.herokuapp.com/"): Navigate to 'https://katalon-demo-cura.herokuapp.com/' successfully

10-09-2024T23:09:24 - [MESSAGE][PASSED] - Navigate to 'https://katalon-demo-cura.herokuapp.com/' successfully

10-09-2024T23:09:24 - [TEST_STEP][PASSED] - click(findTestObject("Object Repository/Record and Play Objects/Login/Page_CURA Healthcare Service/i_CURA Healthcare_fa fa-bars")): Object: 'Object Repository/Record and Play Objects/Login/Page_CURA Healthcare Service/i_CURA Healthcare_fa fa-bars' is clicked on

10-09-2024T23:09:30 - [MESSAGE][PASSED] - Object: 'Object Repository/Record and Play Objects/Login/Page_CURA Healthcare Service/i_CURA Healthcare_fa fa-bars' is clicked on

10-09-2024T23:09:30 - [TEST_STEP][PASSED] - click(findTestObject("Object Repository/Record and Play Objects/Login/Page_CURA Healthcare Service/a_Login")): Object: 'Object Repository/Record and Play Objects/Login/Page_CURA Healthcare Service/a_Login' is clicked on

10-09-2024T23:09:32 - [MESSAGE][PASSED] - Object: 'Object Repository/Record and Play Objects/Login/Page_CURA Healthcare Service/a_Login' is clicked on

10-09-2024T23:09:32 - [TEST_STEP][PASSED] - setText(findTestObject("Object Repository/Record and Play Objects/Login/Page_CURA Healthcare Service/input_Username_username"), "John Doe"): Text 'John Doe' is set on object 'Object Repository/Record and Play Objects/Login/Page_CURA Healthcare Service/input_Username_username'

10-09-2024T23:09:37 - [MESSAGE][PASSED] - Text 'John Doe' is set on object 'Object Repository/Record and Play Objects/Login/Page_CURA Healthcare Service/input_Username_username'

10-09-2024T23:09:37 - [TEST_STEP][PASSED] - setEncryptedText(findTestObject("Object Repository/Record and Play Objects/Login/Page_CURA Healthcare Service/input_Password_password"), "g3/DOGG74jC3Flrr3yH+3D/yKbOqqUNM"): Text ****** has been set on object 'Object Repository/Record and Play Objects/Login/Page_CURA Healthcare Service/input_Password_password'

10-09-2024T23:09:38 - [MESSAGE][PASSED] - Text ****** has been set on object 'Object Repository/Record and Play Objects/Login/Page_CURA Healthcare Service/input_Password_password'

10-09-2024T23:09:38 - [TEST_STEP][PASSED] - click(findTestObject("Object Repository/Record and Play Objects/Login/Page_CURA Healthcare Service/button_Login")): Object: 'Object Repository/Record and Play Objects/Login/Page_CURA Healthcare Service/button_Login' is clicked on

10-09-2024T23:09:40 - [MESSAGE][PASSED] - Object: 'Object Repository/Record and Play Objects/Login/Page_CURA Healthcare Service/button_Login' is clicked on

10-09-2024T23:09:40 - [TEST_STEP][PASSED] - click(findTestObject("Object Repository/Record and Play Objects/Login/Page_CURA Healthcare Service/i_CURA Healthcare_fa fa-bars")): Object: 'Object Repository/Record and Play Objects/Login/Page_CURA Healthcare Service/i_CURA Healthcare_fa fa-bars' is clicked on

10-09-2024T23:09:40 - [MESSAGE][PASSED] - Object: 'Object Repository/Record and Play Objects/Login/Page_CURA Healthcare Service/i_CURA Healthcare_fa fa-bars' is clicked on

10-09-2024T23:09:40 - [TEST_STEP][PASSED] - delay(3): Delayed 3 second(s)

10-09-2024T23:09:43 - [MESSAGE][PASSED] - Delayed 3 second(s)

10-09-2024T23:09:43 - [TEST_STEP][PASSED] - click(findTestObject("Object Repository/Record and Play Objects/Login/Page_CURA Healthcare Service/a_Logout")): Object: 'Object Repository/Record and Play Objects/Login/Page_CURA Healthcare Service/a_Logout' is clicked on

10-09-2024T23:09:45 - [MESSAGE][PASSED] - Object: 'Object Repository/Record and Play Objects/Login/Page_CURA Healthcare Service/a_Logout' is clicked on

10-09-2024T23:09:45 - [TEST_STEP][PASSED] - closeBrowser(): Browser is closed

10-09-2024T23:09:46 - [MESSAGE][PASSED] - Browser is closed]]></system-out>
         <system-err><![CDATA[]]></system-err>
      </testcase>
      <system-out><![CDATA[10-09-2024T23:09:02 - [TEST_SUITE][PASSED] - Login: Test Cases/Record and Play Tests/Login]]></system-out>
      <system-err><![CDATA[]]></system-err>
   </testsuite>
   <testsuite name="Login" tests="1" failures="0" errors="0" time="42.253" skipped="0" timestamp="10-09-2024T23:09:02" hostname="HP - DESKTOP-5RM501L" id="Test Suites/LoginSuite/Login">
      <properties>
         <property name="deviceName" value=""/>
         <property name="devicePlatform"/>
         <property name="logFolder" value="C:\\Users\\HP\\git\\Katalon_Demo\\Reports\\20240910_230749\\LoginSuite\\Login\\20240910_230827"/>
         <property name="logFiles" value="C:\\Users\\HP\\git\\Katalon_Demo\\Reports\\20240910_230749\\LoginSuite\\Login\\20240910_230827\\execution0.log"/>
         <property name="attachments" value=""/>
         <property name="hostName" value="HP - DESKTOP-5RM501L"/>
         <property name="os" value="Windows 11 64bit"/>
         <property name="katalonVersion" value="9.6.0.217"/>
         <property name="browser" value="Firefox 130.0"/>
         <property name="hostAddress" value="192.168.56.1"/>
         <property name="sessionId" value="1bc6ed89-86d0-4741-a9e6-5f077377b027"/>
         <property name="seleniumVersion" value="3.141.59"/>
         <property name="proxyInformation" value="ProxyInformation { proxyOption=NO_PROXY, proxyServerType=HTTP, username=, password=********, proxyServerAddress=, proxyServerPort=0, executionList=&quot;&quot;, isApplyToDesiredCapabilities=true }"/>
         <property name="platform" value="Windows 11"/>
      </properties>
      <testcase name="Test Cases/Record and Play Tests/Login" time="40.483" classname="Test Cases/Record and Play Tests/Login" status="PASSED">
         <system-out><![CDATA[10-09-2024T23:09:04 - [TEST_CASE][PASSED] - Test Cases/Record and Play Tests/Login: Test Cases/Record and Play Tests/Login

10-09-2024T23:09:06 - [TEST_STEP][PASSED] - openBrowser(""): Browser is opened with url: ''

10-09-2024T23:09:08 - [MESSAGE][INFO] - Starting 'Firefox' driver

10-09-2024T23:09:08 - [MESSAGE][INFO] - Action delay is set to 0 milliseconds

10-09-2024T23:09:25 - [MESSAGE][PASSED] - Browser is opened with url: ''

10-09-2024T23:09:25 - [TEST_STEP][PASSED] - maximizeWindow(): Current window maximized

10-09-2024T23:09:26 - [MESSAGE][PASSED] - Current window maximized

10-09-2024T23:09:26 - [TEST_STEP][PASSED] - navigateToUrl("https://katalon-demo-cura.herokuapp.com/"): Navigate to 'https://katalon-demo-cura.herokuapp.com/' successfully

10-09-2024T23:09:32 - [MESSAGE][PASSED] - Navigate to 'https://katalon-demo-cura.herokuapp.com/' successfully

10-09-2024T23:09:32 - [TEST_STEP][PASSED] - click(findTestObject("Object Repository/Record and Play Objects/Login/Page_CURA Healthcare Service/i_CURA Healthcare_fa fa-bars")): Object: 'Object Repository/Record and Play Objects/Login/Page_CURA Healthcare Service/i_CURA Healthcare_fa fa-bars' is clicked on

10-09-2024T23:09:33 - [MESSAGE][PASSED] - Object: 'Object Repository/Record and Play Objects/Login/Page_CURA Healthcare Service/i_CURA Healthcare_fa fa-bars' is clicked on

10-09-2024T23:09:33 - [TEST_STEP][PASSED] - click(findTestObject("Object Repository/Record and Play Objects/Login/Page_CURA Healthcare Service/a_Login")): Object: 'Object Repository/Record and Play Objects/Login/Page_CURA Healthcare Service/a_Login' is clicked on

10-09-2024T23:09:35 - [MESSAGE][PASSED] - Object: 'Object Repository/Record and Play Objects/Login/Page_CURA Healthcare Service/a_Login' is clicked on

10-09-2024T23:09:35 - [TEST_STEP][PASSED] - setText(findTestObject("Object Repository/Record and Play Objects/Login/Page_CURA Healthcare Service/input_Username_username"), "John Doe"): Text 'John Doe' is set on object 'Object Repository/Record and Play Objects/Login/Page_CURA Healthcare Service/input_Username_username'

10-09-2024T23:09:36 - [MESSAGE][PASSED] - Text 'John Doe' is set on object 'Object Repository/Record and Play Objects/Login/Page_CURA Healthcare Service/input_Username_username'

10-09-2024T23:09:36 - [TEST_STEP][PASSED] - setEncryptedText(findTestObject("Object Repository/Record and Play Objects/Login/Page_CURA Healthcare Service/input_Password_password"), "g3/DOGG74jC3Flrr3yH+3D/yKbOqqUNM"): Text ****** has been set on object 'Object Repository/Record and Play Objects/Login/Page_CURA Healthcare Service/input_Password_password'

10-09-2024T23:09:36 - [MESSAGE][PASSED] - Text ****** has been set on object 'Object Repository/Record and Play Objects/Login/Page_CURA Healthcare Service/input_Password_password'

10-09-2024T23:09:36 - [TEST_STEP][PASSED] - click(findTestObject("Object Repository/Record and Play Objects/Login/Page_CURA Healthcare Service/button_Login")): Object: 'Object Repository/Record and Play Objects/Login/Page_CURA Healthcare Service/button_Login' is clicked on

10-09-2024T23:09:38 - [MESSAGE][PASSED] - Object: 'Object Repository/Record and Play Objects/Login/Page_CURA Healthcare Service/button_Login' is clicked on

10-09-2024T23:09:38 - [TEST_STEP][PASSED] - click(findTestObject("Object Repository/Record and Play Objects/Login/Page_CURA Healthcare Service/i_CURA Healthcare_fa fa-bars")): Object: 'Object Repository/Record and Play Objects/Login/Page_CURA Healthcare Service/i_CURA Healthcare_fa fa-bars' is clicked on

10-09-2024T23:09:38 - [MESSAGE][PASSED] - Object: 'Object Repository/Record and Play Objects/Login/Page_CURA Healthcare Service/i_CURA Healthcare_fa fa-bars' is clicked on

10-09-2024T23:09:38 - [TEST_STEP][PASSED] - delay(3): Delayed 3 second(s)

10-09-2024T23:09:41 - [MESSAGE][PASSED] - Delayed 3 second(s)

10-09-2024T23:09:41 - [TEST_STEP][PASSED] - click(findTestObject("Object Repository/Record and Play Objects/Login/Page_CURA Healthcare Service/a_Logout")): Object: 'Object Repository/Record and Play Objects/Login/Page_CURA Healthcare Service/a_Logout' is clicked on

10-09-2024T23:09:42 - [MESSAGE][PASSED] - Object: 'Object Repository/Record and Play Objects/Login/Page_CURA Healthcare Service/a_Logout' is clicked on

10-09-2024T23:09:42 - [TEST_STEP][PASSED] - closeBrowser(): Browser is closed

10-09-2024T23:09:45 - [MESSAGE][PASSED] - Browser is closed]]></system-out>
         <system-err><![CDATA[]]></system-err>
      </testcase>
      <system-out><![CDATA[10-09-2024T23:09:02 - [TEST_SUITE][PASSED] - Login: Test Cases/Record and Play Tests/Login]]></system-out>
      <system-err><![CDATA[]]></system-err>
   </testsuite>
</testsuites>
